2020-06-09 17:29:53,593 DEBUG org.springframework.web.context.support.StandardServletEnvironment [restartedMain] Adding [servletConfigInitParams] PropertySource with lowest search precedence
2020-06-09 17:29:53,594 DEBUG org.springframework.web.context.support.StandardServletEnvironment [restartedMain] Adding [servletContextInitParams] PropertySource with lowest search precedence
2020-06-09 17:29:53,594 DEBUG org.springframework.web.context.support.StandardServletEnvironment [restartedMain] Adding [systemProperties] PropertySource with lowest search precedence
2020-06-09 17:29:53,594 DEBUG org.springframework.web.context.support.StandardServletEnvironment [restartedMain] Adding [systemEnvironment] PropertySource with lowest search precedence
2020-06-09 17:29:53,595 DEBUG org.springframework.web.context.support.StandardServletEnvironment [restartedMain] Initialized StandardServletEnvironment with PropertySources [servletConfigInitParams,servletContextInitParams,systemProperties,systemEnvironment]
2020-06-09 17:29:53,603 INFO com.employee.springboot.web.SpringBootFirstWebApplication [restartedMain] Starting SpringBootFirstWebApplication on arpishrivastava with PID 34196 (D:\arpit-microservices\employee-helpdesk\target\classes started by arpitshrivastava in D:\arpit-microservices\employee-helpdesk)
2020-06-09 17:29:53,603 INFO com.employee.springboot.web.SpringBootFirstWebApplication [restartedMain] No active profile set, falling back to default profiles: default
2020-06-09 17:29:54,053 DEBUG org.springframework.web.context.support.StandardServletEnvironment [restartedMain] Adding [applicationConfig: [classpath:/application.properties]] PropertySource with search precedence immediately lower than [applicationConfigurationProperties]
2020-06-09 17:29:54,053 DEBUG org.springframework.web.context.support.StandardServletEnvironment [restartedMain] Adding [applicationConfig: [classpath:/application.yml]] PropertySource with search precedence immediately lower than [applicationConfig: [classpath:/application.properties]]
2020-06-09 17:29:54,053 DEBUG org.springframework.web.context.support.StandardServletEnvironment [restartedMain] Removing [applicationConfigurationProperties] PropertySource
2020-06-09 17:29:54,053 DEBUG org.springframework.web.context.support.StandardServletEnvironment [restartedMain] Removing [defaultProperties] PropertySource
2020-06-09 17:29:54,117 INFO org.apache.catalina.core.StandardService [restartedMain] Starting service Tomcat
2020-06-09 17:29:54,117 INFO org.apache.catalina.core.StandardEngine [restartedMain] Starting Servlet Engine: Apache Tomcat/8.5.6
2020-06-09 17:29:54,206 INFO org.apache.jasper.servlet.TldScanner [localhost-startStop-1] At least one JAR was scanned for TLDs yet contained no TLDs. Enable debug logging for this logger for a complete list of JARs that were scanned but no TLDs were found in them. Skipping unneeded JARs during scanning can improve startup time and JSP compilation time.
2020-06-09 17:29:54,210 INFO org.apache.catalina.core.ContainerBase.[Tomcat].[localhost].[/] [localhost-startStop-1] Initializing Spring embedded WebApplicationContext
2020-06-09 17:29:54,210 DEBUG org.springframework.web.context.ContextLoader [localhost-startStop-1] Published root WebApplicationContext as ServletContext attribute with name [org.springframework.web.context.WebApplicationContext.ROOT]
2020-06-09 17:29:54,210 INFO org.springframework.web.context.ContextLoader [localhost-startStop-1] Root WebApplicationContext: initialization completed in 605 ms
2020-06-09 17:29:54,236 DEBUG org.springframework.web.context.support.StandardServletEnvironment [localhost-startStop-1] Adding [servletConfigInitParams] PropertySource with lowest search precedence
2020-06-09 17:29:54,236 DEBUG org.springframework.web.context.support.StandardServletEnvironment [localhost-startStop-1] Adding [servletContextInitParams] PropertySource with lowest search precedence
2020-06-09 17:29:54,237 DEBUG org.springframework.web.context.support.StandardServletEnvironment [localhost-startStop-1] Adding [systemProperties] PropertySource with lowest search precedence
2020-06-09 17:29:54,237 DEBUG org.springframework.web.context.support.StandardServletEnvironment [localhost-startStop-1] Adding [systemEnvironment] PropertySource with lowest search precedence
2020-06-09 17:29:54,237 DEBUG org.springframework.web.context.support.StandardServletEnvironment [localhost-startStop-1] Initialized StandardServletEnvironment with PropertySources [servletConfigInitParams,servletContextInitParams,systemProperties,systemEnvironment]
2020-06-09 17:29:54,239 DEBUG org.springframework.web.context.support.StandardServletEnvironment [localhost-startStop-1] Adding [servletConfigInitParams] PropertySource with lowest search precedence
2020-06-09 17:29:54,239 DEBUG org.springframework.web.context.support.StandardServletEnvironment [localhost-startStop-1] Adding [servletContextInitParams] PropertySource with lowest search precedence
2020-06-09 17:29:54,239 DEBUG org.springframework.web.context.support.StandardServletEnvironment [localhost-startStop-1] Adding [systemProperties] PropertySource with lowest search precedence
2020-06-09 17:29:54,239 DEBUG org.springframework.web.context.support.StandardServletEnvironment [localhost-startStop-1] Adding [systemEnvironment] PropertySource with lowest search precedence
2020-06-09 17:29:54,239 DEBUG org.springframework.web.context.support.StandardServletEnvironment [localhost-startStop-1] Initialized StandardServletEnvironment with PropertySources [servletConfigInitParams,servletContextInitParams,systemProperties,systemEnvironment]
2020-06-09 17:29:54,240 DEBUG org.springframework.web.context.support.StandardServletEnvironment [localhost-startStop-1] Adding [servletConfigInitParams] PropertySource with lowest search precedence
2020-06-09 17:29:54,240 DEBUG org.springframework.web.context.support.StandardServletEnvironment [localhost-startStop-1] Adding [servletContextInitParams] PropertySource with lowest search precedence
2020-06-09 17:29:54,240 DEBUG org.springframework.web.context.support.StandardServletEnvironment [localhost-startStop-1] Adding [systemProperties] PropertySource with lowest search precedence
2020-06-09 17:29:54,240 DEBUG org.springframework.web.context.support.StandardServletEnvironment [localhost-startStop-1] Adding [systemEnvironment] PropertySource with lowest search precedence
2020-06-09 17:29:54,240 DEBUG org.springframework.web.context.support.StandardServletEnvironment [localhost-startStop-1] Initialized StandardServletEnvironment with PropertySources [servletConfigInitParams,servletContextInitParams,systemProperties,systemEnvironment]
2020-06-09 17:29:54,245 DEBUG org.springframework.web.context.support.StandardServletEnvironment [localhost-startStop-1] Adding [servletConfigInitParams] PropertySource with lowest search precedence
2020-06-09 17:29:54,246 DEBUG org.springframework.web.context.support.StandardServletEnvironment [localhost-startStop-1] Adding [servletContextInitParams] PropertySource with lowest search precedence
2020-06-09 17:29:54,246 DEBUG org.springframework.web.context.support.StandardServletEnvironment [localhost-startStop-1] Adding [systemProperties] PropertySource with lowest search precedence
2020-06-09 17:29:54,246 DEBUG org.springframework.web.context.support.StandardServletEnvironment [localhost-startStop-1] Adding [systemEnvironment] PropertySource with lowest search precedence
2020-06-09 17:29:54,246 DEBUG org.springframework.web.context.support.StandardServletEnvironment [localhost-startStop-1] Initialized StandardServletEnvironment with PropertySources [servletConfigInitParams,servletContextInitParams,systemProperties,systemEnvironment]
2020-06-09 17:29:54,254 DEBUG org.springframework.web.context.support.StandardServletEnvironment [localhost-startStop-1] Adding [servletConfigInitParams] PropertySource with lowest search precedence
2020-06-09 17:29:54,254 DEBUG org.springframework.web.context.support.StandardServletEnvironment [localhost-startStop-1] Adding [servletContextInitParams] PropertySource with lowest search precedence
2020-06-09 17:29:54,254 DEBUG org.springframework.web.context.support.StandardServletEnvironment [localhost-startStop-1] Adding [systemProperties] PropertySource with lowest search precedence
2020-06-09 17:29:54,254 DEBUG org.springframework.web.context.support.StandardServletEnvironment [localhost-startStop-1] Adding [systemEnvironment] PropertySource with lowest search precedence
2020-06-09 17:29:54,254 DEBUG org.springframework.web.context.support.StandardServletEnvironment [localhost-startStop-1] Initialized StandardServletEnvironment with PropertySources [servletConfigInitParams,servletContextInitParams,systemProperties,systemEnvironment]
2020-06-09 17:29:54,262 DEBUG org.springframework.web.context.support.StandardServletEnvironment [localhost-startStop-1] Adding [servletConfigInitParams] PropertySource with lowest search precedence
2020-06-09 17:29:54,262 DEBUG org.springframework.web.context.support.StandardServletEnvironment [localhost-startStop-1] Adding [servletContextInitParams] PropertySource with lowest search precedence
2020-06-09 17:29:54,262 DEBUG org.springframework.web.context.support.StandardServletEnvironment [localhost-startStop-1] Adding [systemProperties] PropertySource with lowest search precedence
2020-06-09 17:29:54,262 DEBUG org.springframework.web.context.support.StandardServletEnvironment [localhost-startStop-1] Adding [systemEnvironment] PropertySource with lowest search precedence
2020-06-09 17:29:54,262 DEBUG org.springframework.web.context.support.StandardServletEnvironment [localhost-startStop-1] Initialized StandardServletEnvironment with PropertySources [servletConfigInitParams,servletContextInitParams,systemProperties,systemEnvironment]
2020-06-09 17:29:54,263 DEBUG org.springframework.web.context.support.StandardServletEnvironment [localhost-startStop-1] Adding [servletConfigInitParams] PropertySource with lowest search precedence
2020-06-09 17:29:54,263 DEBUG org.springframework.web.context.support.StandardServletEnvironment [localhost-startStop-1] Adding [servletContextInitParams] PropertySource with lowest search precedence
2020-06-09 17:29:54,263 DEBUG org.springframework.web.context.support.StandardServletEnvironment [localhost-startStop-1] Adding [systemProperties] PropertySource with lowest search precedence
2020-06-09 17:29:54,263 DEBUG org.springframework.web.context.support.StandardServletEnvironment [localhost-startStop-1] Adding [systemEnvironment] PropertySource with lowest search precedence
2020-06-09 17:29:54,263 DEBUG org.springframework.web.context.support.StandardServletEnvironment [localhost-startStop-1] Initialized StandardServletEnvironment with PropertySources [servletConfigInitParams,servletContextInitParams,systemProperties,systemEnvironment]
2020-06-09 17:29:54,270 DEBUG org.springframework.web.context.support.StandardServletEnvironment [restartedMain] Replacing [servletContextInitParams] PropertySource with [servletContextInitParams]
2020-06-09 17:29:54,396 INFO org.springframework.web.servlet.mvc.method.annotation.RequestMappingHandlerAdapter [restartedMain] Looking for @ControllerAdvice: org.springframework.boot.context.embedded.AnnotationConfigEmbeddedWebApplicationContext@1508f080: startup date [Tue Jun 09 17:29:53 IST 2020]; root of context hierarchy
2020-06-09 17:29:54,402 DEBUG org.springframework.web.servlet.mvc.method.annotation.RequestMappingHandlerMapping [restartedMain] Looking for request mappings in application context: org.springframework.boot.context.embedded.AnnotationConfigEmbeddedWebApplicationContext@1508f080: startup date [Tue Jun 09 17:29:53 IST 2020]; root of context hierarchy
2020-06-09 17:29:54,406 DEBUG org.springframework.web.servlet.mvc.method.annotation.RequestMappingHandlerMapping [restartedMain] 11 request handler methods found on class com.employee.springboot.web.controller.EmpController: {public java.lang.String com.employee.springboot.web.controller.EmpController.index(org.springframework.ui.Model)={[/ || /index],methods=[GET]}, public java.lang.String com.employee.springboot.web.controller.EmpController.register(org.springframework.ui.Model)={[/registration]}, public java.lang.String com.employee.springboot.web.controller.EmpController.delete(int)={[/deleteemp/{ticket_id}],methods=[GET]}, public java.lang.String com.employee.springboot.web.controller.EmpController.save(com.employee.springboot.web.model.Emp)={[/save],methods=[POST]}, public java.lang.String com.employee.springboot.web.controller.EmpController.editsave(com.employee.springboot.web.model.Emp)={[/editsave],methods=[POST]}, public java.lang.String com.employee.springboot.web.controller.EmpController.showform(org.springframework.ui.Model)={[/empform]}, public org.springframework.web.servlet.ModelAndView com.employee.springboot.web.controller.EmpController.userRegistration(java.lang.String,java.lang.String)={[/register],methods=[POST]}, public java.lang.String com.employee.springboot.web.controller.EmpController.edit(int,org.springframework.ui.Model)={[/editemp/{ticket_id}]}, public org.springframework.web.servlet.ModelAndView com.employee.springboot.web.controller.EmpController.userLogin(java.lang.String,java.lang.String)={[/login],methods=[POST]}, public java.lang.String com.employee.springboot.web.controller.EmpController.viewemp(org.springframework.ui.Model)={[/viewemp]}, public java.lang.String com.employee.springboot.web.controller.EmpController.login(org.springframework.ui.Model)={[/login]}}
2020-06-09 17:29:54,406 INFO org.springframework.web.servlet.mvc.method.annotation.RequestMappingHandlerMapping [restartedMain] Mapped "{[/ || /index],methods=[GET]}" onto public java.lang.String com.employee.springboot.web.controller.EmpController.index(org.springframework.ui.Model)
2020-06-09 17:29:54,406 INFO org.springframework.web.servlet.mvc.method.annotation.RequestMappingHandlerMapping [restartedMain] Mapped "{[/registration]}" onto public java.lang.String com.employee.springboot.web.controller.EmpController.register(org.springframework.ui.Model)
2020-06-09 17:29:54,406 INFO org.springframework.web.servlet.mvc.method.annotation.RequestMappingHandlerMapping [restartedMain] Mapped "{[/deleteemp/{ticket_id}],methods=[GET]}" onto public java.lang.String com.employee.springboot.web.controller.EmpController.delete(int)
2020-06-09 17:29:54,406 INFO org.springframework.web.servlet.mvc.method.annotation.RequestMappingHandlerMapping [restartedMain] Mapped "{[/save],methods=[POST]}" onto public java.lang.String com.employee.springboot.web.controller.EmpController.save(com.employee.springboot.web.model.Emp)
2020-06-09 17:29:54,407 INFO org.springframework.web.servlet.mvc.method.annotation.RequestMappingHandlerMapping [restartedMain] Mapped "{[/editsave],methods=[POST]}" onto public java.lang.String com.employee.springboot.web.controller.EmpController.editsave(com.employee.springboot.web.model.Emp)
2020-06-09 17:29:54,407 INFO org.springframework.web.servlet.mvc.method.annotation.RequestMappingHandlerMapping [restartedMain] Mapped "{[/empform]}" onto public java.lang.String com.employee.springboot.web.controller.EmpController.showform(org.springframework.ui.Model)
2020-06-09 17:29:54,407 INFO org.springframework.web.servlet.mvc.method.annotation.RequestMappingHandlerMapping [restartedMain] Mapped "{[/register],methods=[POST]}" onto public org.springframework.web.servlet.ModelAndView com.employee.springboot.web.controller.EmpController.userRegistration(java.lang.String,java.lang.String)
2020-06-09 17:29:54,407 INFO org.springframework.web.servlet.mvc.method.annotation.RequestMappingHandlerMapping [restartedMain] Mapped "{[/editemp/{ticket_id}]}" onto public java.lang.String com.employee.springboot.web.controller.EmpController.edit(int,org.springframework.ui.Model)
2020-06-09 17:29:54,407 INFO org.springframework.web.servlet.mvc.method.annotation.RequestMappingHandlerMapping [restartedMain] Mapped "{[/login],methods=[POST]}" onto public org.springframework.web.servlet.ModelAndView com.employee.springboot.web.controller.EmpController.userLogin(java.lang.String,java.lang.String)
2020-06-09 17:29:54,407 INFO org.springframework.web.servlet.mvc.method.annotation.RequestMappingHandlerMapping [restartedMain] Mapped "{[/viewemp]}" onto public java.lang.String com.employee.springboot.web.controller.EmpController.viewemp(org.springframework.ui.Model)
2020-06-09 17:29:54,407 INFO org.springframework.web.servlet.mvc.method.annotation.RequestMappingHandlerMapping [restartedMain] Mapped "{[/login]}" onto public java.lang.String com.employee.springboot.web.controller.EmpController.login(org.springframework.ui.Model)
2020-06-09 17:29:54,408 DEBUG org.springframework.web.servlet.mvc.method.annotation.RequestMappingHandlerMapping [restartedMain] 2 request handler methods found on class org.springframework.boot.autoconfigure.web.BasicErrorController: {public org.springframework.http.ResponseEntity org.springframework.boot.autoconfigure.web.BasicErrorController.error(javax.servlet.http.HttpServletRequest)={[/error]}, public org.springframework.web.servlet.ModelAndView org.springframework.boot.autoconfigure.web.BasicErrorController.errorHtml(javax.servlet.http.HttpServletRequest,javax.servlet.http.HttpServletResponse)={[/error],produces=[text/html]}}
2020-06-09 17:29:54,408 INFO org.springframework.web.servlet.mvc.method.annotation.RequestMappingHandlerMapping [restartedMain] Mapped "{[/error]}" onto public org.springframework.http.ResponseEntity<java.util.Map<java.lang.String, java.lang.Object>> org.springframework.boot.autoconfigure.web.BasicErrorController.error(javax.servlet.http.HttpServletRequest)
2020-06-09 17:29:54,408 INFO org.springframework.web.servlet.mvc.method.annotation.RequestMappingHandlerMapping [restartedMain] Mapped "{[/error],produces=[text/html]}" onto public org.springframework.web.servlet.ModelAndView org.springframework.boot.autoconfigure.web.BasicErrorController.errorHtml(javax.servlet.http.HttpServletRequest,javax.servlet.http.HttpServletResponse)
2020-06-09 17:29:54,414 DEBUG org.springframework.web.servlet.handler.BeanNameUrlHandlerMapping [restartedMain] Looking for URL mappings in application context: org.springframework.boot.context.embedded.AnnotationConfigEmbeddedWebApplicationContext@1508f080: startup date [Tue Jun 09 17:29:53 IST 2020]; root of context hierarchy
2020-06-09 17:29:54,414 DEBUG org.springframework.web.servlet.handler.BeanNameUrlHandlerMapping [restartedMain] Rejected bean name 'org.springframework.context.annotation.internalConfigurationAnnotationProcessor': no URL paths identified
2020-06-09 17:29:54,414 DEBUG org.springframework.web.servlet.handler.BeanNameUrlHandlerMapping [restartedMain] Rejected bean name 'org.springframework.context.annotation.internalAutowiredAnnotationProcessor': no URL paths identified
2020-06-09 17:29:54,414 DEBUG org.springframework.web.servlet.handler.BeanNameUrlHandlerMapping [restartedMain] Rejected bean name 'org.springframework.context.annotation.internalRequiredAnnotationProcessor': no URL paths identified
2020-06-09 17:29:54,414 DEBUG org.springframework.web.servlet.handler.BeanNameUrlHandlerMapping [restartedMain] Rejected bean name 'org.springframework.context.annotation.internalCommonAnnotationProcessor': no URL paths identified
2020-06-09 17:29:54,414 DEBUG org.springframework.web.servlet.handler.BeanNameUrlHandlerMapping [restartedMain] Rejected bean name 'org.springframework.context.event.internalEventListenerProcessor': no URL paths identified
2020-06-09 17:29:54,414 DEBUG org.springframework.web.servlet.handler.BeanNameUrlHandlerMapping [restartedMain] Rejected bean name 'org.springframework.context.event.internalEventListenerFactory': no URL paths identified
2020-06-09 17:29:54,414 DEBUG org.springframework.web.servlet.handler.BeanNameUrlHandlerMapping [restartedMain] Rejected bean name 'springBootFirstWebApplication': no URL paths identified
2020-06-09 17:29:54,414 DEBUG org.springframework.web.servlet.handler.BeanNameUrlHandlerMapping [restartedMain] Rejected bean name 'org.springframework.boot.autoconfigure.internalCachingMetadataReaderFactory': no URL paths identified
2020-06-09 17:29:54,415 DEBUG org.springframework.web.servlet.handler.BeanNameUrlHandlerMapping [restartedMain] Rejected bean name 'empController': no URL paths identified
2020-06-09 17:29:54,415 DEBUG org.springframework.web.servlet.handler.BeanNameUrlHandlerMapping [restartedMain] Rejected bean name 'empDao': no URL paths identified
2020-06-09 17:29:54,415 DEBUG org.springframework.web.servlet.handler.BeanNameUrlHandlerMapping [restartedMain] Rejected bean name 'org.springframework.boot.autoconfigure.AutoConfigurationPackages': no URL paths identified
2020-06-09 17:29:54,415 DEBUG org.springframework.web.servlet.handler.BeanNameUrlHandlerMapping [restartedMain] Rejected bean name 'org.springframework.boot.autoconfigure.PropertyPlaceholderAutoConfiguration': no URL paths identified
2020-06-09 17:29:54,415 DEBUG org.springframework.web.servlet.handler.BeanNameUrlHandlerMapping [restartedMain] Rejected bean name 'org.springframework.boot.autoconfigure.condition.BeanTypeRegistry': no URL paths identified
2020-06-09 17:29:54,415 DEBUG org.springframework.web.servlet.handler.BeanNameUrlHandlerMapping [restartedMain] Rejected bean name 'propertySourcesPlaceholderConfigurer': no URL paths identified
2020-06-09 17:29:54,415 DEBUG org.springframework.web.servlet.handler.BeanNameUrlHandlerMapping [restartedMain] Rejected bean name 'org.springframework.boot.autoconfigure.jackson.JacksonAutoConfiguration$Jackson2ObjectMapperBuilderCustomizerConfiguration': no URL paths identified
2020-06-09 17:29:54,415 DEBUG org.springframework.web.servlet.handler.BeanNameUrlHandlerMapping [restartedMain] Rejected bean name 'standardJacksonObjectMapperBuilderCustomizer': no URL paths identified
2020-06-09 17:29:54,415 DEBUG org.springframework.web.servlet.handler.BeanNameUrlHandlerMapping [restartedMain] Rejected bean name 'spring.jackson-org.springframework.boot.autoconfigure.jackson.JacksonProperties': no URL paths identified
2020-06-09 17:29:54,415 DEBUG org.springframework.web.servlet.handler.BeanNameUrlHandlerMapping [restartedMain] Rejected bean name 'org.springframework.boot.context.properties.ConfigurationPropertiesBindingPostProcessor': no URL paths identified
2020-06-09 17:29:54,415 DEBUG org.springframework.web.servlet.handler.BeanNameUrlHandlerMapping [restartedMain] Rejected bean name 'org.springframework.boot.context.properties.ConfigurationPropertiesBindingPostProcessor.store': no URL paths identified
2020-06-09 17:29:54,415 DEBUG org.springframework.web.servlet.handler.BeanNameUrlHandlerMapping [restartedMain] Rejected bean name 'org.springframework.boot.autoconfigure.jackson.JacksonAutoConfiguration$JacksonObjectMapperBuilderConfiguration': no URL paths identified
2020-06-09 17:29:54,415 DEBUG org.springframework.web.servlet.handler.BeanNameUrlHandlerMapping [restartedMain] Rejected bean name 'jacksonObjectMapperBuilder': no URL paths identified
2020-06-09 17:29:54,415 DEBUG org.springframework.web.servlet.handler.BeanNameUrlHandlerMapping [restartedMain] Rejected bean name 'org.springframework.boot.autoconfigure.jackson.JacksonAutoConfiguration$JacksonObjectMapperConfiguration': no URL paths identified
2020-06-09 17:29:54,415 DEBUG org.springframework.web.servlet.handler.BeanNameUrlHandlerMapping [restartedMain] Rejected bean name 'jacksonObjectMapper': no URL paths identified
2020-06-09 17:29:54,415 DEBUG org.springframework.web.servlet.handler.BeanNameUrlHandlerMapping [restartedMain] Rejected bean name 'org.springframework.boot.autoconfigure.jackson.JacksonAutoConfiguration': no URL paths identified
2020-06-09 17:29:54,415 DEBUG org.springframework.web.servlet.handler.BeanNameUrlHandlerMapping [restartedMain] Rejected bean name 'jsonComponentModule': no URL paths identified
2020-06-09 17:29:54,415 DEBUG org.springframework.web.servlet.handler.BeanNameUrlHandlerMapping [restartedMain] Rejected bean name 'org.springframework.boot.autoconfigure.websocket.WebSocketAutoConfiguration$TomcatWebSocketConfiguration': no URL paths identified
2020-06-09 17:29:54,415 DEBUG org.springframework.web.servlet.handler.BeanNameUrlHandlerMapping [restartedMain] Rejected bean name 'websocketContainerCustomizer': no URL paths identified
2020-06-09 17:29:54,415 DEBUG org.springframework.web.servlet.handler.BeanNameUrlHandlerMapping [restartedMain] Rejected bean name 'org.springframework.boot.autoconfigure.websocket.WebSocketAutoConfiguration': no URL paths identified
2020-06-09 17:29:54,415 DEBUG org.springframework.web.servlet.handler.BeanNameUrlHandlerMapping [restartedMain] Rejected bean name 'org.springframework.boot.autoconfigure.web.EmbeddedServletContainerAutoConfiguration$EmbeddedTomcat': no URL paths identified
2020-06-09 17:29:54,415 DEBUG org.springframework.web.servlet.handler.BeanNameUrlHandlerMapping [restartedMain] Rejected bean name 'tomcatEmbeddedServletContainerFactory': no URL paths identified
2020-06-09 17:29:54,415 DEBUG org.springframework.web.servlet.handler.BeanNameUrlHandlerMapping [restartedMain] Rejected bean name 'org.springframework.boot.autoconfigure.web.EmbeddedServletContainerAutoConfiguration': no URL paths identified
2020-06-09 17:29:54,415 DEBUG org.springframework.web.servlet.handler.BeanNameUrlHandlerMapping [restartedMain] Rejected bean name 'embeddedServletContainerCustomizerBeanPostProcessor': no URL paths identified
2020-06-09 17:29:54,416 DEBUG org.springframework.web.servlet.handler.BeanNameUrlHandlerMapping [restartedMain] Rejected bean name 'errorPageRegistrarBeanPostProcessor': no URL paths identified
2020-06-09 17:29:54,416 DEBUG org.springframework.web.servlet.handler.BeanNameUrlHandlerMapping [restartedMain] Rejected bean name 'org.springframework.boot.autoconfigure.web.DispatcherServletAutoConfiguration$DispatcherServletConfiguration': no URL paths identified
2020-06-09 17:29:54,416 DEBUG org.springframework.web.servlet.handler.BeanNameUrlHandlerMapping [restartedMain] Rejected bean name 'dispatcherServlet': no URL paths identified
2020-06-09 17:29:54,416 DEBUG org.springframework.web.servlet.handler.BeanNameUrlHandlerMapping [restartedMain] Rejected bean name 'spring.mvc-org.springframework.boot.autoconfigure.web.WebMvcProperties': no URL paths identified
2020-06-09 17:29:54,416 DEBUG org.springframework.web.servlet.handler.BeanNameUrlHandlerMapping [restartedMain] Rejected bean name 'org.springframework.boot.autoconfigure.web.DispatcherServletAutoConfiguration$DispatcherServletRegistrationConfiguration': no URL paths identified
2020-06-09 17:29:54,416 DEBUG org.springframework.web.servlet.handler.BeanNameUrlHandlerMapping [restartedMain] Rejected bean name 'dispatcherServletRegistration': no URL paths identified
2020-06-09 17:29:54,416 DEBUG org.springframework.web.servlet.handler.BeanNameUrlHandlerMapping [restartedMain] Rejected bean name 'org.springframework.boot.autoconfigure.web.DispatcherServletAutoConfiguration': no URL paths identified
2020-06-09 17:29:54,416 DEBUG org.springframework.web.servlet.handler.BeanNameUrlHandlerMapping [restartedMain] Rejected bean name 'org.springframework.boot.autoconfigure.web.ErrorMvcAutoConfiguration$WhitelabelErrorViewConfiguration': no URL paths identified
2020-06-09 17:29:54,416 DEBUG org.springframework.web.servlet.handler.BeanNameUrlHandlerMapping [restartedMain] Rejected bean name 'error': no URL paths identified
2020-06-09 17:29:54,416 DEBUG org.springframework.web.servlet.handler.BeanNameUrlHandlerMapping [restartedMain] Rejected bean name 'beanNameViewResolver': no URL paths identified
2020-06-09 17:29:54,416 DEBUG org.springframework.web.servlet.handler.BeanNameUrlHandlerMapping [restartedMain] Rejected bean name 'org.springframework.boot.autoconfigure.web.ErrorMvcAutoConfiguration': no URL paths identified
2020-06-09 17:29:54,416 DEBUG org.springframework.web.servlet.handler.BeanNameUrlHandlerMapping [restartedMain] Rejected bean name 'errorAttributes': no URL paths identified
2020-06-09 17:29:54,416 DEBUG org.springframework.web.servlet.handler.BeanNameUrlHandlerMapping [restartedMain] Rejected bean name 'basicErrorController': no URL paths identified
2020-06-09 17:29:54,416 DEBUG org.springframework.web.servlet.handler.BeanNameUrlHandlerMapping [restartedMain] Rejected bean name 'errorPageCustomizer': no URL paths identified
2020-06-09 17:29:54,416 DEBUG org.springframework.web.servlet.handler.BeanNameUrlHandlerMapping [restartedMain] Rejected bean name 'conventionErrorViewResolver': no URL paths identified
2020-06-09 17:29:54,416 DEBUG org.springframework.web.servlet.handler.BeanNameUrlHandlerMapping [restartedMain] Rejected bean name 'preserveErrorControllerTargetClassPostProcessor': no URL paths identified
2020-06-09 17:29:54,416 DEBUG org.springframework.web.servlet.handler.BeanNameUrlHandlerMapping [restartedMain] Rejected bean name 'spring.resources-org.springframework.boot.autoconfigure.web.ResourceProperties': no URL paths identified
2020-06-09 17:29:54,416 DEBUG org.springframework.web.servlet.handler.BeanNameUrlHandlerMapping [restartedMain] Rejected bean name 'org.springframework.boot.autoconfigure.web.WebMvcAutoConfiguration$EnableWebMvcConfiguration': no URL paths identified
2020-06-09 17:29:54,416 DEBUG org.springframework.web.servlet.handler.BeanNameUrlHandlerMapping [restartedMain] Rejected bean name 'requestMappingHandlerAdapter': no URL paths identified
2020-06-09 17:29:54,416 DEBUG org.springframework.web.servlet.handler.BeanNameUrlHandlerMapping [restartedMain] Rejected bean name 'requestMappingHandlerMapping': no URL paths identified
2020-06-09 17:29:54,416 DEBUG org.springframework.web.servlet.handler.BeanNameUrlHandlerMapping [restartedMain] Rejected bean name 'mvcPathMatcher': no URL paths identified
2020-06-09 17:29:54,416 DEBUG org.springframework.web.servlet.handler.BeanNameUrlHandlerMapping [restartedMain] Rejected bean name 'mvcUrlPathHelper': no URL paths identified
2020-06-09 17:29:54,416 DEBUG org.springframework.web.servlet.handler.BeanNameUrlHandlerMapping [restartedMain] Rejected bean name 'mvcContentNegotiationManager': no URL paths identified
2020-06-09 17:29:54,416 DEBUG org.springframework.web.servlet.handler.BeanNameUrlHandlerMapping [restartedMain] Rejected bean name 'viewControllerHandlerMapping': no URL paths identified
2020-06-09 17:29:54,416 DEBUG org.springframework.web.servlet.handler.BeanNameUrlHandlerMapping [restartedMain] Rejected bean name 'beanNameHandlerMapping': no URL paths identified
2020-06-09 17:29:54,416 DEBUG org.springframework.web.servlet.handler.BeanNameUrlHandlerMapping [restartedMain] Rejected bean name 'resourceHandlerMapping': no URL paths identified
2020-06-09 17:29:54,416 DEBUG org.springframework.web.servlet.handler.BeanNameUrlHandlerMapping [restartedMain] Rejected bean name 'mvcResourceUrlProvider': no URL paths identified
2020-06-09 17:29:54,416 DEBUG org.springframework.web.servlet.handler.BeanNameUrlHandlerMapping [restartedMain] Rejected bean name 'defaultServletHandlerMapping': no URL paths identified
2020-06-09 17:29:54,416 DEBUG org.springframework.web.servlet.handler.BeanNameUrlHandlerMapping [restartedMain] Rejected bean name 'mvcConversionService': no URL paths identified
2020-06-09 17:29:54,416 DEBUG org.springframework.web.servlet.handler.BeanNameUrlHandlerMapping [restartedMain] Rejected bean name 'mvcValidator': no URL paths identified
2020-06-09 17:29:54,416 DEBUG org.springframework.web.servlet.handler.BeanNameUrlHandlerMapping [restartedMain] Rejected bean name 'mvcUriComponentsContributor': no URL paths identified
2020-06-09 17:29:54,416 DEBUG org.springframework.web.servlet.handler.BeanNameUrlHandlerMapping [restartedMain] Rejected bean name 'httpRequestHandlerAdapter': no URL paths identified
2020-06-09 17:29:54,417 DEBUG org.springframework.web.servlet.handler.BeanNameUrlHandlerMapping [restartedMain] Rejected bean name 'simpleControllerHandlerAdapter': no URL paths identified
2020-06-09 17:29:54,417 DEBUG org.springframework.web.servlet.handler.BeanNameUrlHandlerMapping [restartedMain] Rejected bean name 'handlerExceptionResolver': no URL paths identified
2020-06-09 17:29:54,417 DEBUG org.springframework.web.servlet.handler.BeanNameUrlHandlerMapping [restartedMain] Rejected bean name 'mvcViewResolver': no URL paths identified
2020-06-09 17:29:54,417 DEBUG org.springframework.web.servlet.handler.BeanNameUrlHandlerMapping [restartedMain] Rejected bean name 'org.springframework.boot.autoconfigure.web.WebMvcAutoConfiguration$WebMvcAutoConfigurationAdapter$FaviconConfiguration': no URL paths identified
2020-06-09 17:29:54,417 DEBUG org.springframework.web.servlet.handler.BeanNameUrlHandlerMapping [restartedMain] Rejected bean name 'faviconHandlerMapping': no URL paths identified
2020-06-09 17:29:54,417 DEBUG org.springframework.web.servlet.handler.BeanNameUrlHandlerMapping [restartedMain] Rejected bean name 'faviconRequestHandler': no URL paths identified
2020-06-09 17:29:54,417 DEBUG org.springframework.web.servlet.handler.BeanNameUrlHandlerMapping [restartedMain] Rejected bean name 'org.springframework.boot.autoconfigure.web.WebMvcAutoConfiguration$WebMvcAutoConfigurationAdapter': no URL paths identified
2020-06-09 17:29:54,417 DEBUG org.springframework.web.servlet.handler.BeanNameUrlHandlerMapping [restartedMain] Rejected bean name 'defaultViewResolver': no URL paths identified
2020-06-09 17:29:54,417 DEBUG org.springframework.web.servlet.handler.BeanNameUrlHandlerMapping [restartedMain] Rejected bean name 'viewResolver': no URL paths identified
2020-06-09 17:29:54,417 DEBUG org.springframework.web.servlet.handler.BeanNameUrlHandlerMapping [restartedMain] Rejected bean name 'welcomePageHandlerMapping': no URL paths identified
2020-06-09 17:29:54,417 DEBUG org.springframework.web.servlet.handler.BeanNameUrlHandlerMapping [restartedMain] Rejected bean name 'requestContextFilter': no URL paths identified
2020-06-09 17:29:54,417 DEBUG org.springframework.web.servlet.handler.BeanNameUrlHandlerMapping [restartedMain] Rejected bean name 'org.springframework.boot.autoconfigure.web.WebMvcAutoConfiguration': no URL paths identified
2020-06-09 17:29:54,417 DEBUG org.springframework.web.servlet.handler.BeanNameUrlHandlerMapping [restartedMain] Rejected bean name 'hiddenHttpMethodFilter': no URL paths identified
2020-06-09 17:29:54,417 DEBUG org.springframework.web.servlet.handler.BeanNameUrlHandlerMapping [restartedMain] Rejected bean name 'httpPutFormContentFilter': no URL paths identified
2020-06-09 17:29:54,417 DEBUG org.springframework.web.servlet.handler.BeanNameUrlHandlerMapping [restartedMain] Rejected bean name 'org.springframework.boot.actuate.autoconfigure.AuditAutoConfiguration$AuditEventRepositoryConfiguration': no URL paths identified
2020-06-09 17:29:54,417 DEBUG org.springframework.web.servlet.handler.BeanNameUrlHandlerMapping [restartedMain] Rejected bean name 'auditEventRepository': no URL paths identified
2020-06-09 17:29:54,417 DEBUG org.springframework.web.servlet.handler.BeanNameUrlHandlerMapping [restartedMain] Rejected bean name 'org.springframework.boot.actuate.autoconfigure.AuditAutoConfiguration': no URL paths identified
2020-06-09 17:29:54,417 DEBUG org.springframework.web.servlet.handler.BeanNameUrlHandlerMapping [restartedMain] Rejected bean name 'auditListener': no URL paths identified
2020-06-09 17:29:54,417 DEBUG org.springframework.web.servlet.handler.BeanNameUrlHandlerMapping [restartedMain] Rejected bean name 'org.springframework.boot.autoconfigure.jdbc.DataSourceConfiguration$Tomcat': no URL paths identified
2020-06-09 17:29:54,417 DEBUG org.springframework.web.servlet.handler.BeanNameUrlHandlerMapping [restartedMain] Rejected bean name 'dataSource': no URL paths identified
2020-06-09 17:29:54,417 DEBUG org.springframework.web.servlet.handler.BeanNameUrlHandlerMapping [restartedMain] Rejected bean name 'org.springframework.boot.autoconfigure.jdbc.DataSourceAutoConfiguration$PooledDataSourceConfiguration': no URL paths identified
2020-06-09 17:29:54,417 DEBUG org.springframework.web.servlet.handler.BeanNameUrlHandlerMapping [restartedMain] Rejected bean name 'org.springframework.boot.autoconfigure.jdbc.metadata.DataSourcePoolMetadataProvidersConfiguration$TomcatDataSourcePoolMetadataProviderConfiguration': no URL paths identified
2020-06-09 17:29:54,417 DEBUG org.springframework.web.servlet.handler.BeanNameUrlHandlerMapping [restartedMain] Rejected bean name 'tomcatPoolDataSourceMetadataProvider': no URL paths identified
2020-06-09 17:29:54,417 DEBUG org.springframework.web.servlet.handler.BeanNameUrlHandlerMapping [restartedMain] Rejected bean name 'org.springframework.boot.autoconfigure.jdbc.metadata.DataSourcePoolMetadataProvidersConfiguration': no URL paths identified
2020-06-09 17:29:54,417 DEBUG org.springframework.web.servlet.handler.BeanNameUrlHandlerMapping [restartedMain] Rejected bean name 'org.springframework.boot.autoconfigure.jdbc.DataSourceAutoConfiguration': no URL paths identified
2020-06-09 17:29:54,417 DEBUG org.springframework.web.servlet.handler.BeanNameUrlHandlerMapping [restartedMain] Rejected bean name 'dataSourceInitializer': no URL paths identified
2020-06-09 17:29:54,418 DEBUG org.springframework.web.servlet.handler.BeanNameUrlHandlerMapping [restartedMain] Rejected bean name 'spring.datasource-org.springframework.boot.autoconfigure.jdbc.DataSourceProperties': no URL paths identified
2020-06-09 17:29:54,418 DEBUG org.springframework.web.servlet.handler.BeanNameUrlHandlerMapping [restartedMain] Rejected bean name 'dataSourceInitializerPostProcessor': no URL paths identified
2020-06-09 17:29:54,418 DEBUG org.springframework.web.servlet.handler.BeanNameUrlHandlerMapping [restartedMain] Rejected bean name 'org.springframework.boot.autoconfigure.info.ProjectInfoAutoConfiguration': no URL paths identified
2020-06-09 17:29:54,418 DEBUG org.springframework.web.servlet.handler.BeanNameUrlHandlerMapping [restartedMain] Rejected bean name 'spring.info-org.springframework.boot.autoconfigure.info.ProjectInfoProperties': no URL paths identified
2020-06-09 17:29:54,418 DEBUG org.springframework.web.servlet.handler.BeanNameUrlHandlerMapping [restartedMain] Rejected bean name 'org.springframework.boot.actuate.autoconfigure.InfoContributorAutoConfiguration': no URL paths identified
2020-06-09 17:29:54,418 DEBUG org.springframework.web.servlet.handler.BeanNameUrlHandlerMapping [restartedMain] Rejected bean name 'envInfoContributor': no URL paths identified
2020-06-09 17:29:54,418 DEBUG org.springframework.web.servlet.handler.BeanNameUrlHandlerMapping [restartedMain] Rejected bean name 'management.info-org.springframework.boot.actuate.autoconfigure.InfoContributorProperties': no URL paths identified
2020-06-09 17:29:54,418 DEBUG org.springframework.web.servlet.handler.BeanNameUrlHandlerMapping [restartedMain] Rejected bean name 'org.springframework.boot.actuate.autoconfigure.HealthIndicatorAutoConfiguration$DiskSpaceHealthIndicatorConfiguration': no URL paths identified
2020-06-09 17:29:54,418 DEBUG org.springframework.web.servlet.handler.BeanNameUrlHandlerMapping [restartedMain] Rejected bean name 'diskSpaceHealthIndicator': no URL paths identified
2020-06-09 17:29:54,418 DEBUG org.springframework.web.servlet.handler.BeanNameUrlHandlerMapping [restartedMain] Rejected bean name 'diskSpaceHealthIndicatorProperties': no URL paths identified
2020-06-09 17:29:54,418 DEBUG org.springframework.web.servlet.handler.BeanNameUrlHandlerMapping [restartedMain] Rejected bean name 'org.springframework.boot.actuate.autoconfigure.HealthIndicatorAutoConfiguration$DataSourcesHealthIndicatorConfiguration': no URL paths identified
2020-06-09 17:29:54,418 DEBUG org.springframework.web.servlet.handler.BeanNameUrlHandlerMapping [restartedMain] Rejected bean name 'dbHealthIndicator': no URL paths identified
2020-06-09 17:29:54,418 DEBUG org.springframework.web.servlet.handler.BeanNameUrlHandlerMapping [restartedMain] Rejected bean name 'org.springframework.boot.actuate.autoconfigure.HealthIndicatorAutoConfiguration': no URL paths identified
2020-06-09 17:29:54,418 DEBUG org.springframework.web.servlet.handler.BeanNameUrlHandlerMapping [restartedMain] Rejected bean name 'healthAggregator': no URL paths identified
2020-06-09 17:29:54,418 DEBUG org.springframework.web.servlet.handler.BeanNameUrlHandlerMapping [restartedMain] Rejected bean name 'management.health.status-org.springframework.boot.actuate.autoconfigure.HealthIndicatorProperties': no URL paths identified
2020-06-09 17:29:54,418 DEBUG org.springframework.web.servlet.handler.BeanNameUrlHandlerMapping [restartedMain] Rejected bean name 'org.springframework.boot.actuate.autoconfigure.MetricRepositoryAutoConfiguration$FastMetricServicesConfiguration': no URL paths identified
2020-06-09 17:29:54,418 DEBUG org.springframework.web.servlet.handler.BeanNameUrlHandlerMapping [restartedMain] Rejected bean name 'counterBuffers': no URL paths identified
2020-06-09 17:29:54,418 DEBUG org.springframework.web.servlet.handler.BeanNameUrlHandlerMapping [restartedMain] Rejected bean name 'gaugeBuffers': no URL paths identified
2020-06-09 17:29:54,418 DEBUG org.springframework.web.servlet.handler.BeanNameUrlHandlerMapping [restartedMain] Rejected bean name 'actuatorMetricReader': no URL paths identified
2020-06-09 17:29:54,418 DEBUG org.springframework.web.servlet.handler.BeanNameUrlHandlerMapping [restartedMain] Rejected bean name 'counterService': no URL paths identified
2020-06-09 17:29:54,418 DEBUG org.springframework.web.servlet.handler.BeanNameUrlHandlerMapping [restartedMain] Rejected bean name 'gaugeService': no URL paths identified
2020-06-09 17:29:54,418 DEBUG org.springframework.web.servlet.handler.BeanNameUrlHandlerMapping [restartedMain] Rejected bean name 'org.springframework.boot.actuate.autoconfigure.MetricRepositoryAutoConfiguration': no URL paths identified
2020-06-09 17:29:54,418 DEBUG org.springframework.web.servlet.handler.BeanNameUrlHandlerMapping [restartedMain] Rejected bean name 'org.springframework.boot.autoconfigure.jmx.JmxAutoConfiguration': no URL paths identified
2020-06-09 17:29:54,418 DEBUG org.springframework.web.servlet.handler.BeanNameUrlHandlerMapping [restartedMain] Rejected bean name 'mbeanExporter': no URL paths identified
2020-06-09 17:29:54,418 DEBUG org.springframework.web.servlet.handler.BeanNameUrlHandlerMapping [restartedMain] Rejected bean name 'objectNamingStrategy': no URL paths identified
2020-06-09 17:29:54,418 DEBUG org.springframework.web.servlet.handler.BeanNameUrlHandlerMapping [restartedMain] Rejected bean name 'mbeanServer': no URL paths identified
2020-06-09 17:29:54,418 DEBUG org.springframework.web.servlet.handler.BeanNameUrlHandlerMapping [restartedMain] Rejected bean name 'org.springframework.boot.actuate.autoconfigure.PublicMetricsAutoConfiguration$TomcatMetricsConfiguration': no URL paths identified
2020-06-09 17:29:54,418 DEBUG org.springframework.web.servlet.handler.BeanNameUrlHandlerMapping [restartedMain] Rejected bean name 'tomcatPublicMetrics': no URL paths identified
2020-06-09 17:29:54,418 DEBUG org.springframework.web.servlet.handler.BeanNameUrlHandlerMapping [restartedMain] Rejected bean name 'org.springframework.boot.actuate.autoconfigure.PublicMetricsAutoConfiguration$DataSourceMetricsConfiguration': no URL paths identified
2020-06-09 17:29:54,418 DEBUG org.springframework.web.servlet.handler.BeanNameUrlHandlerMapping [restartedMain] Rejected bean name 'dataSourcePublicMetrics': no URL paths identified
2020-06-09 17:29:54,418 DEBUG org.springframework.web.servlet.handler.BeanNameUrlHandlerMapping [restartedMain] Rejected bean name 'org.springframework.boot.actuate.autoconfigure.PublicMetricsAutoConfiguration': no URL paths identified
2020-06-09 17:29:54,418 DEBUG org.springframework.web.servlet.handler.BeanNameUrlHandlerMapping [restartedMain] Rejected bean name 'systemPublicMetrics': no URL paths identified
2020-06-09 17:29:54,418 DEBUG org.springframework.web.servlet.handler.BeanNameUrlHandlerMapping [restartedMain] Rejected bean name 'metricReaderPublicMetrics': no URL paths identified
2020-06-09 17:29:54,418 DEBUG org.springframework.web.servlet.handler.BeanNameUrlHandlerMapping [restartedMain] Rejected bean name 'org.springframework.boot.actuate.autoconfigure.EndpointAutoConfiguration$RequestMappingEndpointConfiguration': no URL paths identified
2020-06-09 17:29:54,418 DEBUG org.springframework.web.servlet.handler.BeanNameUrlHandlerMapping [restartedMain] Rejected bean name 'requestMappingEndpoint': no URL paths identified
2020-06-09 17:29:54,418 DEBUG org.springframework.web.servlet.handler.BeanNameUrlHandlerMapping [restartedMain] Rejected bean name 'org.springframework.boot.actuate.autoconfigure.EndpointAutoConfiguration': no URL paths identified
2020-06-09 17:29:54,419 DEBUG org.springframework.web.servlet.handler.BeanNameUrlHandlerMapping [restartedMain] Rejected bean name 'environmentEndpoint': no URL paths identified
2020-06-09 17:29:54,419 DEBUG org.springframework.web.servlet.handler.BeanNameUrlHandlerMapping [restartedMain] Rejected bean name 'healthEndpoint': no URL paths identified
2020-06-09 17:29:54,419 DEBUG org.springframework.web.servlet.handler.BeanNameUrlHandlerMapping [restartedMain] Rejected bean name 'beansEndpoint': no URL paths identified
2020-06-09 17:29:54,419 DEBUG org.springframework.web.servlet.handler.BeanNameUrlHandlerMapping [restartedMain] Rejected bean name 'infoEndpoint': no URL paths identified
2020-06-09 17:29:54,419 DEBUG org.springframework.web.servlet.handler.BeanNameUrlHandlerMapping [restartedMain] Rejected bean name 'metricsEndpoint': no URL paths identified
2020-06-09 17:29:54,419 DEBUG org.springframework.web.servlet.handler.BeanNameUrlHandlerMapping [restartedMain] Rejected bean name 'traceEndpoint': no URL paths identified
2020-06-09 17:29:54,419 DEBUG org.springframework.web.servlet.handler.BeanNameUrlHandlerMapping [restartedMain] Rejected bean name 'dumpEndpoint': no URL paths identified
2020-06-09 17:29:54,419 DEBUG org.springframework.web.servlet.handler.BeanNameUrlHandlerMapping [restartedMain] Rejected bean name 'autoConfigurationReportEndpoint': no URL paths identified
2020-06-09 17:29:54,419 DEBUG org.springframework.web.servlet.handler.BeanNameUrlHandlerMapping [restartedMain] Rejected bean name 'shutdownEndpoint': no URL paths identified
2020-06-09 17:29:54,419 DEBUG org.springframework.web.servlet.handler.BeanNameUrlHandlerMapping [restartedMain] Rejected bean name 'configurationPropertiesReportEndpoint': no URL paths identified
2020-06-09 17:29:54,419 DEBUG org.springframework.web.servlet.handler.BeanNameUrlHandlerMapping [restartedMain] Rejected bean name 'endpoints-org.springframework.boot.actuate.endpoint.EndpointProperties': no URL paths identified
2020-06-09 17:29:54,419 DEBUG org.springframework.web.servlet.handler.BeanNameUrlHandlerMapping [restartedMain] Rejected bean name 'org.springframework.boot.actuate.autoconfigure.EndpointMBeanExportAutoConfiguration': no URL paths identified
2020-06-09 17:29:54,419 DEBUG org.springframework.web.servlet.handler.BeanNameUrlHandlerMapping [restartedMain] Rejected bean name 'endpointMBeanExporter': no URL paths identified
2020-06-09 17:29:54,419 DEBUG org.springframework.web.servlet.handler.BeanNameUrlHandlerMapping [restartedMain] Rejected bean name 'endpoints.jmx-org.springframework.boot.actuate.autoconfigure.EndpointMBeanExportProperties': no URL paths identified
2020-06-09 17:29:54,419 DEBUG org.springframework.web.servlet.handler.BeanNameUrlHandlerMapping [restartedMain] Rejected bean name 'org.springframework.boot.autoconfigure.web.ServerPropertiesAutoConfiguration': no URL paths identified
2020-06-09 17:29:54,419 DEBUG org.springframework.web.servlet.handler.BeanNameUrlHandlerMapping [restartedMain] Rejected bean name 'serverProperties': no URL paths identified
2020-06-09 17:29:54,419 DEBUG org.springframework.web.servlet.handler.BeanNameUrlHandlerMapping [restartedMain] Rejected bean name 'duplicateServerPropertiesDetector': no URL paths identified
2020-06-09 17:29:54,419 DEBUG org.springframework.web.servlet.handler.BeanNameUrlHandlerMapping [restartedMain] Rejected bean name 'org.springframework.boot.actuate.autoconfigure.ManagementServerPropertiesAutoConfiguration': no URL paths identified
2020-06-09 17:29:54,419 DEBUG org.springframework.web.servlet.handler.BeanNameUrlHandlerMapping [restartedMain] Rejected bean name 'managementServerProperties': no URL paths identified
2020-06-09 17:29:54,419 DEBUG org.springframework.web.servlet.handler.BeanNameUrlHandlerMapping [restartedMain] Rejected bean name 'org.springframework.boot.autoconfigure.web.HttpMessageConvertersAutoConfiguration$StringHttpMessageConverterConfiguration': no URL paths identified
2020-06-09 17:29:54,419 DEBUG org.springframework.web.servlet.handler.BeanNameUrlHandlerMapping [restartedMain] Rejected bean name 'stringHttpMessageConverter': no URL paths identified
2020-06-09 17:29:54,419 DEBUG org.springframework.web.servlet.handler.BeanNameUrlHandlerMapping [restartedMain] Rejected bean name 'spring.http.encoding-org.springframework.boot.autoconfigure.web.HttpEncodingProperties': no URL paths identified
2020-06-09 17:29:54,419 DEBUG org.springframework.web.servlet.handler.BeanNameUrlHandlerMapping [restartedMain] Rejected bean name 'org.springframework.boot.autoconfigure.web.JacksonHttpMessageConvertersConfiguration$MappingJackson2HttpMessageConverterConfiguration': no URL paths identified
2020-06-09 17:29:54,419 DEBUG org.springframework.web.servlet.handler.BeanNameUrlHandlerMapping [restartedMain] Rejected bean name 'mappingJackson2HttpMessageConverter': no URL paths identified
2020-06-09 17:29:54,419 DEBUG org.springframework.web.servlet.handler.BeanNameUrlHandlerMapping [restartedMain] Rejected bean name 'org.springframework.boot.autoconfigure.web.JacksonHttpMessageConvertersConfiguration': no URL paths identified
2020-06-09 17:29:54,419 DEBUG org.springframework.web.servlet.handler.BeanNameUrlHandlerMapping [restartedMain] Rejected bean name 'org.springframework.boot.autoconfigure.web.HttpMessageConvertersAutoConfiguration': no URL paths identified
2020-06-09 17:29:54,419 DEBUG org.springframework.web.servlet.handler.BeanNameUrlHandlerMapping [restartedMain] Rejected bean name 'messageConverters': no URL paths identified
2020-06-09 17:29:54,419 DEBUG org.springframework.web.servlet.handler.BeanNameUrlHandlerMapping [restartedMain] Rejected bean name 'org.springframework.boot.actuate.autoconfigure.EndpointWebMvcManagementContextConfiguration': no URL paths identified
2020-06-09 17:29:54,419 DEBUG org.springframework.web.servlet.handler.BeanNameUrlHandlerMapping [restartedMain] Rejected bean name 'endpointHandlerMapping': no URL paths identified
2020-06-09 17:29:54,419 DEBUG org.springframework.web.servlet.handler.BeanNameUrlHandlerMapping [restartedMain] Rejected bean name 'mvcEndpoints': no URL paths identified
2020-06-09 17:29:54,419 DEBUG org.springframework.web.servlet.handler.BeanNameUrlHandlerMapping [restartedMain] Rejected bean name 'environmentMvcEndpoint': no URL paths identified
2020-06-09 17:29:54,419 DEBUG org.springframework.web.servlet.handler.BeanNameUrlHandlerMapping [restartedMain] Rejected bean name 'heapdumpMvcEndpoint': no URL paths identified
2020-06-09 17:29:54,419 DEBUG org.springframework.web.servlet.handler.BeanNameUrlHandlerMapping [restartedMain] Rejected bean name 'healthMvcEndpoint': no URL paths identified
2020-06-09 17:29:54,419 DEBUG org.springframework.web.servlet.handler.BeanNameUrlHandlerMapping [restartedMain] Rejected bean name 'metricsMvcEndpoint': no URL paths identified
2020-06-09 17:29:54,419 DEBUG org.springframework.web.servlet.handler.BeanNameUrlHandlerMapping [restartedMain] Rejected bean name 'logfileMvcEndpoint': no URL paths identified
2020-06-09 17:29:54,419 DEBUG org.springframework.web.servlet.handler.BeanNameUrlHandlerMapping [restartedMain] Rejected bean name 'endpoints.health-org.springframework.boot.actuate.autoconfigure.HealthMvcEndpointProperties': no URL paths identified
2020-06-09 17:29:54,419 DEBUG org.springframework.web.servlet.handler.BeanNameUrlHandlerMapping [restartedMain] Rejected bean name 'endpoints.cors-org.springframework.boot.actuate.autoconfigure.EndpointCorsProperties': no URL paths identified
2020-06-09 17:29:54,419 DEBUG org.springframework.web.servlet.handler.BeanNameUrlHandlerMapping [restartedMain] Rejected bean name 'org.springframework.boot.actuate.autoconfigure.EndpointWebMvcAutoConfiguration$EndpointWebMvcConfiguration': no URL paths identified
2020-06-09 17:29:54,419 DEBUG org.springframework.web.servlet.handler.BeanNameUrlHandlerMapping [restartedMain] Rejected bean name 'org.springframework.boot.actuate.autoconfigure.EndpointWebMvcAutoConfiguration$ApplicationContextFilterConfiguration': no URL paths identified
2020-06-09 17:29:54,419 DEBUG org.springframework.web.servlet.handler.BeanNameUrlHandlerMapping [restartedMain] Rejected bean name 'applicationContextIdFilter': no URL paths identified
2020-06-09 17:29:54,419 DEBUG org.springframework.web.servlet.handler.BeanNameUrlHandlerMapping [restartedMain] Rejected bean name 'org.springframework.boot.actuate.autoconfigure.EndpointWebMvcAutoConfiguration': no URL paths identified
2020-06-09 17:29:54,419 DEBUG org.springframework.web.servlet.handler.BeanNameUrlHandlerMapping [restartedMain] Rejected bean name 'managementContextResolver': no URL paths identified
2020-06-09 17:29:54,419 DEBUG org.springframework.web.servlet.handler.BeanNameUrlHandlerMapping [restartedMain] Rejected bean name 'managementServletContext': no URL paths identified
2020-06-09 17:29:54,419 DEBUG org.springframework.web.servlet.handler.BeanNameUrlHandlerMapping [restartedMain] Rejected bean name 'org.springframework.boot.actuate.autoconfigure.MetricExportAutoConfiguration$MetricExportPropertiesConfiguration': no URL paths identified
2020-06-09 17:29:54,419 DEBUG org.springframework.web.servlet.handler.BeanNameUrlHandlerMapping [restartedMain] Rejected bean name 'spring.metrics.export-org.springframework.boot.actuate.metrics.export.MetricExportProperties': no URL paths identified
2020-06-09 17:29:54,419 DEBUG org.springframework.web.servlet.handler.BeanNameUrlHandlerMapping [restartedMain] Rejected bean name 'org.springframework.boot.actuate.autoconfigure.MetricExportAutoConfiguration$StatsdConfiguration': no URL paths identified
2020-06-09 17:29:54,419 DEBUG org.springframework.web.servlet.handler.BeanNameUrlHandlerMapping [restartedMain] Rejected bean name 'org.springframework.scheduling.annotation.SchedulingConfiguration': no URL paths identified
2020-06-09 17:29:54,419 DEBUG org.springframework.web.servlet.handler.BeanNameUrlHandlerMapping [restartedMain] Rejected bean name 'org.springframework.context.annotation.internalScheduledAnnotationProcessor': no URL paths identified
2020-06-09 17:29:54,419 DEBUG org.springframework.web.servlet.handler.BeanNameUrlHandlerMapping [restartedMain] Rejected bean name 'org.springframework.boot.actuate.autoconfigure.MetricExportAutoConfiguration': no URL paths identified
2020-06-09 17:29:54,419 DEBUG org.springframework.web.servlet.handler.BeanNameUrlHandlerMapping [restartedMain] Rejected bean name 'metricWritersMetricExporter': no URL paths identified
2020-06-09 17:29:54,419 DEBUG org.springframework.web.servlet.handler.BeanNameUrlHandlerMapping [restartedMain] Rejected bean name 'org.springframework.boot.actuate.autoconfigure.MetricFilterAutoConfiguration': no URL paths identified
2020-06-09 17:29:54,419 DEBUG org.springframework.web.servlet.handler.BeanNameUrlHandlerMapping [restartedMain] Rejected bean name 'metricsFilter': no URL paths identified
2020-06-09 17:29:54,419 DEBUG org.springframework.web.servlet.handler.BeanNameUrlHandlerMapping [restartedMain] Rejected bean name 'endpoints.metrics.filter-org.springframework.boot.actuate.autoconfigure.MetricFilterProperties': no URL paths identified
2020-06-09 17:29:54,419 DEBUG org.springframework.web.servlet.handler.BeanNameUrlHandlerMapping [restartedMain] Rejected bean name 'org.springframework.boot.actuate.autoconfigure.TraceRepositoryAutoConfiguration': no URL paths identified
2020-06-09 17:29:54,419 DEBUG org.springframework.web.servlet.handler.BeanNameUrlHandlerMapping [restartedMain] Rejected bean name 'traceRepository': no URL paths identified
2020-06-09 17:29:54,419 DEBUG org.springframework.web.servlet.handler.BeanNameUrlHandlerMapping [restartedMain] Rejected bean name 'org.springframework.boot.actuate.autoconfigure.TraceWebFilterAutoConfiguration': no URL paths identified
2020-06-09 17:29:54,420 DEBUG org.springframework.web.servlet.handler.BeanNameUrlHandlerMapping [restartedMain] Rejected bean name 'webRequestLoggingFilter': no URL paths identified
2020-06-09 17:29:54,420 DEBUG org.springframework.web.servlet.handler.BeanNameUrlHandlerMapping [restartedMain] Rejected bean name 'management.trace-org.springframework.boot.actuate.trace.TraceProperties': no URL paths identified
2020-06-09 17:29:54,420 DEBUG org.springframework.web.servlet.handler.BeanNameUrlHandlerMapping [restartedMain] Rejected bean name 'org.springframework.boot.autoconfigure.context.ConfigurationPropertiesAutoConfiguration': no URL paths identified
2020-06-09 17:29:54,420 DEBUG org.springframework.web.servlet.handler.BeanNameUrlHandlerMapping [restartedMain] Rejected bean name 'org.springframework.boot.autoconfigure.dao.PersistenceExceptionTranslationAutoConfiguration': no URL paths identified
2020-06-09 17:29:54,420 DEBUG org.springframework.web.servlet.handler.BeanNameUrlHandlerMapping [restartedMain] Rejected bean name 'persistenceExceptionTranslationPostProcessor': no URL paths identified
2020-06-09 17:29:54,420 DEBUG org.springframework.web.servlet.handler.BeanNameUrlHandlerMapping [restartedMain] Rejected bean name 'org.springframework.transaction.annotation.ProxyTransactionManagementConfiguration': no URL paths identified
2020-06-09 17:29:54,420 DEBUG org.springframework.web.servlet.handler.BeanNameUrlHandlerMapping [restartedMain] Rejected bean name 'org.springframework.transaction.config.internalTransactionAdvisor': no URL paths identified
2020-06-09 17:29:54,420 DEBUG org.springframework.web.servlet.handler.BeanNameUrlHandlerMapping [restartedMain] Rejected bean name 'transactionAttributeSource': no URL paths identified
2020-06-09 17:29:54,420 DEBUG org.springframework.web.servlet.handler.BeanNameUrlHandlerMapping [restartedMain] Rejected bean name 'transactionInterceptor': no URL paths identified
2020-06-09 17:29:54,420 DEBUG org.springframework.web.servlet.handler.BeanNameUrlHandlerMapping [restartedMain] Rejected bean name 'org.springframework.transaction.config.internalTransactionalEventListenerFactory': no URL paths identified
2020-06-09 17:29:54,420 DEBUG org.springframework.web.servlet.handler.BeanNameUrlHandlerMapping [restartedMain] Rejected bean name 'org.springframework.boot.autoconfigure.jdbc.DataSourceTransactionManagerAutoConfiguration$TransactionManagementConfiguration': no URL paths identified
2020-06-09 17:29:54,420 DEBUG org.springframework.web.servlet.handler.BeanNameUrlHandlerMapping [restartedMain] Rejected bean name 'org.springframework.aop.config.internalAutoProxyCreator': no URL paths identified
2020-06-09 17:29:54,420 DEBUG org.springframework.web.servlet.handler.BeanNameUrlHandlerMapping [restartedMain] Rejected bean name 'org.springframework.boot.autoconfigure.jdbc.DataSourceTransactionManagerAutoConfiguration$DataSourceTransactionManagerConfiguration': no URL paths identified
2020-06-09 17:29:54,420 DEBUG org.springframework.web.servlet.handler.BeanNameUrlHandlerMapping [restartedMain] Rejected bean name 'transactionManager': no URL paths identified
2020-06-09 17:29:54,420 DEBUG org.springframework.web.servlet.handler.BeanNameUrlHandlerMapping [restartedMain] Rejected bean name 'org.springframework.boot.autoconfigure.jdbc.DataSourceTransactionManagerAutoConfiguration': no URL paths identified
2020-06-09 17:29:54,420 DEBUG org.springframework.web.servlet.handler.BeanNameUrlHandlerMapping [restartedMain] Rejected bean name 'org.springframework.boot.autoconfigure.jdbc.JdbcTemplateAutoConfiguration': no URL paths identified
2020-06-09 17:29:54,420 DEBUG org.springframework.web.servlet.handler.BeanNameUrlHandlerMapping [restartedMain] Rejected bean name 'jdbcTemplate': no URL paths identified
2020-06-09 17:29:54,420 DEBUG org.springframework.web.servlet.handler.BeanNameUrlHandlerMapping [restartedMain] Rejected bean name 'namedParameterJdbcTemplate': no URL paths identified
2020-06-09 17:29:54,420 DEBUG org.springframework.web.servlet.handler.BeanNameUrlHandlerMapping [restartedMain] Rejected bean name 'org.springframework.boot.autoconfigure.transaction.TransactionAutoConfiguration': no URL paths identified
2020-06-09 17:29:54,420 DEBUG org.springframework.web.servlet.handler.BeanNameUrlHandlerMapping [restartedMain] Rejected bean name 'transactionTemplate': no URL paths identified
2020-06-09 17:29:54,420 DEBUG org.springframework.web.servlet.handler.BeanNameUrlHandlerMapping [restartedMain] Rejected bean name 'org.springframework.boot.autoconfigure.web.HttpEncodingAutoConfiguration': no URL paths identified
2020-06-09 17:29:54,420 DEBUG org.springframework.web.servlet.handler.BeanNameUrlHandlerMapping [restartedMain] Rejected bean name 'characterEncodingFilter': no URL paths identified
2020-06-09 17:29:54,420 DEBUG org.springframework.web.servlet.handler.BeanNameUrlHandlerMapping [restartedMain] Rejected bean name 'localeCharsetMappingsCustomizer': no URL paths identified
2020-06-09 17:29:54,420 DEBUG org.springframework.web.servlet.handler.BeanNameUrlHandlerMapping [restartedMain] Rejected bean name 'org.springframework.boot.autoconfigure.web.MultipartAutoConfiguration': no URL paths identified
2020-06-09 17:29:54,420 DEBUG org.springframework.web.servlet.handler.BeanNameUrlHandlerMapping [restartedMain] Rejected bean name 'multipartConfigElement': no URL paths identified
2020-06-09 17:29:54,420 DEBUG org.springframework.web.servlet.handler.BeanNameUrlHandlerMapping [restartedMain] Rejected bean name 'multipartResolver': no URL paths identified
2020-06-09 17:29:54,420 DEBUG org.springframework.web.servlet.handler.BeanNameUrlHandlerMapping [restartedMain] Rejected bean name 'spring.http.multipart-org.springframework.boot.autoconfigure.web.MultipartProperties': no URL paths identified
2020-06-09 17:29:54,420 DEBUG org.springframework.web.servlet.handler.BeanNameUrlHandlerMapping [restartedMain] Rejected bean name 'org.springframework.boot.autoconfigure.web.WebClientAutoConfiguration$RestTemplateConfiguration': no URL paths identified
2020-06-09 17:29:54,420 DEBUG org.springframework.web.servlet.handler.BeanNameUrlHandlerMapping [restartedMain] Rejected bean name 'restTemplateBuilder': no URL paths identified
2020-06-09 17:29:54,420 DEBUG org.springframework.web.servlet.handler.BeanNameUrlHandlerMapping [restartedMain] Rejected bean name 'org.springframework.boot.autoconfigure.web.WebClientAutoConfiguration': no URL paths identified
2020-06-09 17:29:54,420 DEBUG org.springframework.web.servlet.handler.BeanNameUrlHandlerMapping [restartedMain] Rejected bean name 'org.springframework.boot.devtools.autoconfigure.DevToolsDataSourceAutoConfiguration': no URL paths identified
2020-06-09 17:29:54,420 DEBUG org.springframework.web.servlet.handler.BeanNameUrlHandlerMapping [restartedMain] Rejected bean name 'inMemoryDatabaseShutdownExecutor': no URL paths identified
2020-06-09 17:29:54,420 DEBUG org.springframework.web.servlet.handler.BeanNameUrlHandlerMapping [restartedMain] Rejected bean name 'org.springframework.boot.devtools.autoconfigure.LocalDevToolsAutoConfiguration$RestartConfiguration': no URL paths identified
2020-06-09 17:29:54,420 DEBUG org.springframework.web.servlet.handler.BeanNameUrlHandlerMapping [restartedMain] Rejected bean name 'classPathFileSystemWatcher': no URL paths identified
2020-06-09 17:29:54,420 DEBUG org.springframework.web.servlet.handler.BeanNameUrlHandlerMapping [restartedMain] Rejected bean name 'classPathRestartStrategy': no URL paths identified
2020-06-09 17:29:54,420 DEBUG org.springframework.web.servlet.handler.BeanNameUrlHandlerMapping [restartedMain] Rejected bean name 'hateoasObjenesisCacheDisabler': no URL paths identified
2020-06-09 17:29:54,420 DEBUG org.springframework.web.servlet.handler.BeanNameUrlHandlerMapping [restartedMain] Rejected bean name 'fileSystemWatcherFactory': no URL paths identified
2020-06-09 17:29:54,421 DEBUG org.springframework.web.servlet.handler.BeanNameUrlHandlerMapping [restartedMain] Rejected bean name 'org.springframework.boot.devtools.autoconfigure.LocalDevToolsAutoConfiguration$LiveReloadConfiguration': no URL paths identified
2020-06-09 17:29:54,421 DEBUG org.springframework.web.servlet.handler.BeanNameUrlHandlerMapping [restartedMain] Rejected bean name 'liveReloadServer': no URL paths identified
2020-06-09 17:29:54,421 DEBUG org.springframework.web.servlet.handler.BeanNameUrlHandlerMapping [restartedMain] Rejected bean name 'optionalLiveReloadServer': no URL paths identified
2020-06-09 17:29:54,421 DEBUG org.springframework.web.servlet.handler.BeanNameUrlHandlerMapping [restartedMain] Rejected bean name 'org.springframework.boot.devtools.autoconfigure.LocalDevToolsAutoConfiguration': no URL paths identified
2020-06-09 17:29:54,421 DEBUG org.springframework.web.servlet.handler.BeanNameUrlHandlerMapping [restartedMain] Rejected bean name 'spring.devtools-org.springframework.boot.devtools.autoconfigure.DevToolsProperties': no URL paths identified
2020-06-09 17:29:54,421 DEBUG org.springframework.web.servlet.handler.BeanNameUrlHandlerMapping [restartedMain] Rejected bean name 'autoConfigurationReport': no URL paths identified
2020-06-09 17:29:54,421 DEBUG org.springframework.web.servlet.handler.BeanNameUrlHandlerMapping [restartedMain] Rejected bean name 'springApplicationArguments': no URL paths identified
2020-06-09 17:29:54,421 DEBUG org.springframework.web.servlet.handler.BeanNameUrlHandlerMapping [restartedMain] Rejected bean name 'springBootBanner': no URL paths identified
2020-06-09 17:29:54,421 DEBUG org.springframework.web.servlet.handler.BeanNameUrlHandlerMapping [restartedMain] Rejected bean name 'springBootLoggingSystem': no URL paths identified
2020-06-09 17:29:54,421 DEBUG org.springframework.web.servlet.handler.BeanNameUrlHandlerMapping [restartedMain] Rejected bean name 'environment': no URL paths identified
2020-06-09 17:29:54,421 DEBUG org.springframework.web.servlet.handler.BeanNameUrlHandlerMapping [restartedMain] Rejected bean name 'systemProperties': no URL paths identified
2020-06-09 17:29:54,421 DEBUG org.springframework.web.servlet.handler.BeanNameUrlHandlerMapping [restartedMain] Rejected bean name 'systemEnvironment': no URL paths identified
2020-06-09 17:29:54,421 DEBUG org.springframework.web.servlet.handler.BeanNameUrlHandlerMapping [restartedMain] Rejected bean name 'org.springframework.context.annotation.ConfigurationClassPostProcessor.importRegistry': no URL paths identified
2020-06-09 17:29:54,421 DEBUG org.springframework.web.servlet.handler.BeanNameUrlHandlerMapping [restartedMain] Rejected bean name 'messageSource': no URL paths identified
2020-06-09 17:29:54,421 DEBUG org.springframework.web.servlet.handler.BeanNameUrlHandlerMapping [restartedMain] Rejected bean name 'applicationEventMulticaster': no URL paths identified
2020-06-09 17:29:54,421 DEBUG org.springframework.web.servlet.handler.BeanNameUrlHandlerMapping [restartedMain] Rejected bean name 'servletContext': no URL paths identified
2020-06-09 17:29:54,421 DEBUG org.springframework.web.servlet.handler.BeanNameUrlHandlerMapping [restartedMain] Rejected bean name 'contextParameters': no URL paths identified
2020-06-09 17:29:54,421 DEBUG org.springframework.web.servlet.handler.BeanNameUrlHandlerMapping [restartedMain] Rejected bean name 'contextAttributes': no URL paths identified
2020-06-09 17:29:54,423 INFO org.springframework.web.servlet.handler.SimpleUrlHandlerMapping [restartedMain] Mapped URL path [/webjars/**] onto handler of type [class org.springframework.web.servlet.resource.ResourceHttpRequestHandler]
2020-06-09 17:29:54,423 INFO org.springframework.web.servlet.handler.SimpleUrlHandlerMapping [restartedMain] Mapped URL path [/**] onto handler of type [class org.springframework.web.servlet.resource.ResourceHttpRequestHandler]
2020-06-09 17:29:54,428 DEBUG org.springframework.web.servlet.mvc.method.annotation.ExceptionHandlerExceptionResolver [restartedMain] Looking for exception mappings: org.springframework.boot.context.embedded.AnnotationConfigEmbeddedWebApplicationContext@1508f080: startup date [Tue Jun 09 17:29:53 IST 2020]; root of context hierarchy
2020-06-09 17:29:54,435 INFO org.springframework.web.servlet.handler.SimpleUrlHandlerMapping [restartedMain] Mapped URL path [/**/favicon.ico] onto handler of type [class org.springframework.web.servlet.resource.ResourceHttpRequestHandler]
2020-06-09 17:29:54,632 DEBUG org.springframework.web.context.support.StandardServletEnvironment [restartedMain] Adding [Management Server] PropertySource with lowest search precedence
2020-06-09 17:29:54,655 DEBUG org.springframework.web.servlet.resource.ResourceUrlProvider [restartedMain] Looking for resource handler mappings
2020-06-09 17:29:54,656 DEBUG org.springframework.web.servlet.resource.ResourceUrlProvider [restartedMain] Found resource handler mapping: URL pattern="/**/favicon.ico", locations=[class path resource [], class path resource [META-INF/resources/], class path resource [resources/], class path resource [static/], class path resource [public/], class path resource []], resolvers=[org.springframework.web.servlet.resource.PathResourceResolver@2816816]
2020-06-09 17:29:54,656 DEBUG org.springframework.web.servlet.resource.ResourceUrlProvider [restartedMain] Found resource handler mapping: URL pattern="/webjars/**", locations=[class path resource [META-INF/resources/webjars/]], resolvers=[org.springframework.web.servlet.resource.PathResourceResolver@1294116a]
2020-06-09 17:29:54,656 DEBUG org.springframework.web.servlet.resource.ResourceUrlProvider [restartedMain] Found resource handler mapping: URL pattern="/**", locations=[class path resource [], class path resource [META-INF/resources/], class path resource [resources/], class path resource [static/], class path resource [public/]], resolvers=[org.springframework.web.servlet.resource.PathResourceResolver@53d9ee0d]
2020-06-09 17:29:54,661 DEBUG org.springframework.web.context.support.StandardServletEnvironment [restartedMain] Adding [server.ports] PropertySource with highest search precedence
2020-06-09 17:29:54,663 INFO com.employee.springboot.web.SpringBootFirstWebApplication [restartedMain] Started SpringBootFirstWebApplication in 1.108 seconds (JVM running for 143.98)
